<?xml version="1.0" encoding="UTF-8"?>
<!-- Generated by org.testng.reporters.JUnitXMLReporter -->
<testsuite hostname="01HW1013102" ignored="0" name="Surefire test" tests="6" failures="0" timestamp="11 Oct 2020 09:28:17 GMT" time="0.084" errors="0">
  <testcase name="automate1 on automate1(MavenLearning.Test1)" time="0.011" classname="MavenLearning.Test1"/>
  <testcase name="automate2 on automate2(MavenLearning.Test1)" time="0.011" classname="MavenLearning.Test1"/>
  <testcase name="automate3 on automate3(MavenLearning.Test2)" time="0.002" classname="MavenLearning.Test2"/>
  <testcase name="automate4 on automate4(MavenLearning.Test2)" time="0.003" classname="MavenLearning.Test2"/>
  <testcase name="automate5 on automate5(MavenLearning.Test3)" time="0.002" classname="MavenLearning.Test3"/>
  <testcase name="automate6 on automate6(MavenLearning.Test3)" time="0.003" classname="MavenLearning.Test3"/>
</testsuite> <!-- Surefire test -->
