<?xml version="1.0" encoding="UTF-8"?>
<!-- Generated by org.testng.reporters.JUnitXMLReporter -->
<testsuite hostname="01HW1013102" name="Test" tests="6" failures="0" timestamp="11 Oct 2020 10:58:47 GMT" time="0.036" errors="0">
  <testcase name="automate1" time="0.009" classname="MavenLearning.Test1"/>
  <testcase name="automate2" time="0.001" classname="MavenLearning.Test1"/>
  <testcase name="automate3" time="0.001" classname="MavenLearning.Test2"/>
  <testcase name="automate4" time="0.001" classname="MavenLearning.Test2"/>
  <testcase name="automate5" time="0.002" classname="MavenLearning.Test3"/>
  <testcase name="automate6" time="0.0" classname="MavenLearning.Test3"/>
</testsuite> <!-- Test -->
