<?xml version="1.0" encoding="UTF-8"?>
<testng-results skipped="0" failed="0" ignored="0" total="1" passed="1">
  <reporter-output>
  </reporter-output>
  <suite name="Default suite" duration-ms="10555" started-at="2020-10-17T22:10:58 IST" finished-at="2020-10-17T22:11:09 IST">
    <groups>
    </groups>
    <test name="Default test" duration-ms="10555" started-at="2020-10-17T22:10:58 IST" finished-at="2020-10-17T22:11:09 IST">
      <class name="MavenLearning.Test4_ExtentReports">
        <test-method status="PASS" signature="configurations()[pri:0, instance:MavenLearning.Test4_ExtentReports@80503]" name="configurations" is-config="true" duration-ms="381" started-at="2020-10-17T22:10:58 IST" finished-at="2020-10-17T22:10:59 IST">
          <reporter-output>
          </reporter-output>
        </test-method> <!-- configurations -->
        <test-method status="PASS" signature="demo()[pri:0, instance:MavenLearning.Test4_ExtentReports@80503]" name="demo" duration-ms="10133" started-at="2020-10-17T22:10:59 IST" finished-at="2020-10-17T22:11:09 IST">
          <reporter-output>
          </reporter-output>
        </test-method> <!-- demo -->
      </class> <!-- MavenLearning.Test4_ExtentReports -->
    </test> <!-- Default test -->
  </suite> <!-- Default suite -->
</testng-results>
